<?xml version="1.0" encoding="UTF-8"?>
<testng-results ignored="0" total="4" passed="4" failed="0" skipped="0">
  <reporter-output>
  </reporter-output>
  <suite started-at="2025-08-12T21:41:24 IST" name="Suite" finished-at="2025-08-12T21:41:34 IST" duration-ms="9831">
    <groups>
      <group name="cucumber">
        <method signature="AbstractTestNGCucumberTests.runScenario(io.cucumber.testng.PickleWrapper,io.cucumber.testng.FeatureWrapper)[pri:0, instance:TestRunner.CucumberTestNGRunner@1623b78d]" name="runScenario" class="io.cucumber.testng.AbstractTestNGCucumberTests"/>
      </group> <!-- cucumber -->
    </groups>
    <test started-at="2025-08-12T21:41:24 IST" name="Test" finished-at="2025-08-12T21:41:34 IST" duration-ms="9831">
      <class name="TestRunner.CucumberTestNGRunner">
        <test-method is-config="true" signature="setUpClass(org.testng.ITestContext)[pri:0, instance:TestRunner.CucumberTestNGRunner@1623b78d]" started-at="2025-08-12T21:41:24 IST" name="setUpClass" finished-at="2025-08-12T21:41:25 IST" duration-ms="632" status="PASS">
          <params>
            <param index="0">
              <value>
                <![CDATA[org.testng.TestRunner@e97f115]]>
              </value>
            </param>
          </params>
          <reporter-output>
          </reporter-output>
        </test-method> <!-- setUpClass -->
        <test-method signature="runScenario(io.cucumber.testng.PickleWrapper,io.cucumber.testng.FeatureWrapper)[pri:0, instance:TestRunner.CucumberTestNGRunner@1623b78d]" started-at="2025-08-12T21:41:25 IST" name="runScenario" description="Runs Cucumber Scenarios" data-provider="scenarios" finished-at="2025-08-12T21:41:28 IST" duration-ms="3464" status="PASS">
          <params>
            <param index="0">
              <value>
                <![CDATA["To validate the post request"]]>
              </value>
            </param>
            <param index="1">
              <value>
                <![CDATA["To validate the rahul sheety endpoints with the given request"]]>
              </value>
            </param>
          </params>
          <reporter-output>
          </reporter-output>
        </test-method> <!-- runScenario -->
        <test-method signature="runScenario(io.cucumber.testng.PickleWrapper,io.cucumber.testng.FeatureWrapper)[pri:0, instance:TestRunner.CucumberTestNGRunner@1623b78d]" started-at="2025-08-12T21:41:28 IST" name="runScenario" description="Runs Cucumber Scenarios" data-provider="scenarios" finished-at="2025-08-12T21:41:31 IST" duration-ms="2483" status="PASS">
          <params>
            <param index="0">
              <value>
                <![CDATA["to validate the get request"]]>
              </value>
            </param>
            <param index="1">
              <value>
                <![CDATA["To validate the rahul sheety endpoints with the given request"]]>
              </value>
            </param>
          </params>
          <reporter-output>
          </reporter-output>
        </test-method> <!-- runScenario -->
        <test-method signature="runScenario(io.cucumber.testng.PickleWrapper,io.cucumber.testng.FeatureWrapper)[pri:0, instance:TestRunner.CucumberTestNGRunner@1623b78d]" started-at="2025-08-12T21:41:31 IST" name="runScenario" description="Runs Cucumber Scenarios" data-provider="scenarios" finished-at="2025-08-12T21:41:33 IST" duration-ms="2750" status="PASS">
          <params>
            <param index="0">
              <value>
                <![CDATA["to validate the put request"]]>
              </value>
            </param>
            <param index="1">
              <value>
                <![CDATA["To validate the rahul sheety endpoints with the given request"]]>
              </value>
            </param>
          </params>
          <reporter-output>
          </reporter-output>
        </test-method> <!-- runScenario -->
        <test-method signature="runScenario(io.cucumber.testng.PickleWrapper,io.cucumber.testng.FeatureWrapper)[pri:0, instance:TestRunner.CucumberTestNGRunner@1623b78d]" started-at="2025-08-12T21:41:33 IST" name="runScenario" description="Runs Cucumber Scenarios" data-provider="scenarios" finished-at="2025-08-12T21:41:34 IST" duration-ms="441" status="PASS">
          <params>
            <param index="0">
              <value>
                <![CDATA["to validate the put request"]]>
              </value>
            </param>
            <param index="1">
              <value>
                <![CDATA["To validate the rahul sheety endpoints with the given request"]]>
              </value>
            </param>
          </params>
          <reporter-output>
          </reporter-output>
        </test-method> <!-- runScenario -->
        <test-method is-config="true" signature="tearDownClass()[pri:0, instance:TestRunner.CucumberTestNGRunner@1623b78d]" started-at="2025-08-12T21:41:34 IST" name="tearDownClass" finished-at="2025-08-12T21:41:34 IST" duration-ms="24" status="PASS">
          <reporter-output>
          </reporter-output>
        </test-method> <!-- tearDownClass -->
      </class> <!-- TestRunner.CucumberTestNGRunner -->
    </test> <!-- Test -->
  </suite> <!-- Suite -->
</testng-results>
